<?xml version="1.0" encoding="UTF-8"?>
<testng-results ignored="0" total="1" passed="1" failed="0" skipped="0">
  <reporter-output>
  </reporter-output>
  <suite started-at="2023-06-07T14:58:27 IST" name="Default suite" finished-at="2023-06-07T14:58:36 IST" duration-ms="8789">
    <groups>
    </groups>
    <test started-at="2023-06-07T14:58:27 IST" name="Default test" finished-at="2023-06-07T14:58:36 IST" duration-ms="8789">
      <class name="testCases.TestCase2">
        <test-method is-config="true" signature="initialSetup()[pri:0, instance:testCases.TestCase2@4de4b452]" started-at="2023-06-07T14:58:27 IST" name="initialSetup" finished-at="2023-06-07T14:58:33 IST" duration-ms="5995" status="PASS">
          <reporter-output>
          </reporter-output>
        </test-method> <!-- initialSetup -->
        <test-method signature="scenario2()[pri:0, instance:testCases.TestCase2@4de4b452]" started-at="2023-06-07T14:58:33 IST" name="scenario2" finished-at="2023-06-07T14:58:36 IST" duration-ms="2764" status="PASS">
          <reporter-output>
          </reporter-output>
        </test-method> <!-- scenario2 -->
      </class> <!-- testCases.TestCase2 -->
    </test> <!-- Default test -->
  </suite> <!-- Default suite -->
</testng-results>
