<?xml version="1.0" encoding="UTF-8"?>
<!-- Generated by org.testng.reporters.JUnitXMLReporter -->
<testsuite ignored="0" hostname="LAPTOP-6JLE5TPP" failures="0" tests="3" name="Test" time="0.05" errors="0" timestamp="2023-06-06T11:14:57 IST">
  <testcase classname="Selenium_Project.TestNgConcepts" name="scene" time="0.009"/>
  <testcase classname="Selenium_Project.TestNgAnnotation" name="testCase" time="0.001"/>
  <testcase classname="Selenium_Project.TestNgAnnotation" name="testCase1" time="0.001"/>
</testsuite> <!-- Test -->
